Using pre-set license
Built from '2020.3/staging' branch; Version is '2020.3.9f1 (108be757e447) revision 1084391'; Using compiler version '192528614'; Build Type 'Release'
OS: 'Windows 10 Pro; OS build 19044.1706; Version 2009; 64bit' Language: 'ru' Physical Memory: 8118 MB
BatchMode: 1, IsHumanControllingUs: 0, StartBugReporterOnCrash: 0, Is64bit: 1, IsPro: 0

 COMMAND LINE ARGUMENTS:
C:\KovalenkoDB\ForUnity\Editor\Unity.exe
-adb2
-batchMode
-noUpm
-name
AssetImportWorker4
-projectPath
C:/KovalenkoDB/Chessnok
-logFile
Logs/AssetImportWorker4.log
-srvPort
51090
Successfully changed project path to: C:/KovalenkoDB/Chessnok
C:/KovalenkoDB/Chessnok
Using Asset Import Pipeline V2.
Refreshing native plugins compatible for Editor in 46.67 ms, found 0 plugins.
Preloading 0 native plugins for Editor in 0.00 ms.
Initialize engine version: 2020.3.9f1 (108be757e447)
[Subsystems] Discovering subsystems at path C:/KovalenkoDB/ForUnity/Editor/Data/Resources/UnitySubsystems
[Subsystems] Discovering subsystems at path C:/KovalenkoDB/Chessnok/Assets
GfxDevice: creating device client; threaded=0
Direct3D:
    Version:  Direct3D 11.0 [level 11.1]
    Renderer: Intel(R) HD Graphics 4600 (ID=0x412)
    Vendor:   
    VRAM:     2048 MB
    Driver:   20.19.15.5126
Initialize mono
Mono path[0] = 'C:/KovalenkoDB/ForUnity/Editor/Data/Managed'
Mono path[1] = 'C:/KovalenkoDB/ForUnity/Editor/Data/MonoBleedingEdge/lib/mono/unityjit'
Mono config path = 'C:/KovalenkoDB/ForUnity/Editor/Data/MonoBleedingEdge/etc'
Using monoOptions --debugger-agent=transport=dt_socket,embedding=1,server=y,suspend=n,address=127.0.0.1:56388
Begin MonoManager ReloadAssembly
Registering precompiled unity dll's ...
Register platform support module: C:/KovalenkoDB/ForUnity/Editor/Data/PlaybackEngines/WindowsStandaloneSupport/UnityEditor.WindowsStandalone.Extensions.dll
Registered in 0.004450 seconds.
Native extension for WindowsStandalone target not found
Refreshing native plugins compatible for Editor in 72.62 ms, found 0 plugins.
Preloading 0 native plugins for Editor in 0.00 ms.
Mono: successfully reloaded assembly
- Completed reload, in 18.693 seconds
Platform modules already initialized, skipping
Registering precompiled user dll's ...
Registered in 0.002878 seconds.
Begin MonoManager ReloadAssembly
Native extension for WindowsStandalone target not found
Refreshing native plugins compatible for Editor in 74.87 ms, found 0 plugins.
Preloading 0 native plugins for Editor in 0.00 ms.
Mono: successfully reloaded assembly
- Completed reload, in  2.172 seconds
Platform modules already initialized, skipping
========================================================================
Worker process is ready to serve import requests
Launched and connected shader compiler UnityShaderCompiler.exe after 0.61 seconds
Refreshing native plugins compatible for Editor in 0.55 ms, found 0 plugins.
Preloading 0 native plugins for Editor in 0.00 ms.
Unloading 1524 Unused Serialized files (Serialized files now loaded: 0)
System memory in use before: 77.7 MB.
System memory in use after: 77.7 MB.

Unloading 12 unused Assets to reduce memory usage. Loaded Objects now: 1983.
Total: 10.984000 ms (FindLiveObjects: 0.210200 ms CreateObjectMapping: 0.089700 ms MarkObjects: 10.206300 ms  DeleteObjects: 0.472000 ms)

========================================================================
Received Import Request.
  path: Assets/Scenes/Game.unity
  artifactKey: Guid(56b601f2eb8d4df4eb750a6f88f6e20d) Importer(815301076,1909f56bfc062723c751e8b465ee728b)
Start importing Assets/Scenes/Game.unity using Guid(56b601f2eb8d4df4eb750a6f88f6e20d) Importer(815301076,1909f56bfc062723c751e8b465ee728b)  -> (artifact id: 'f686b61d35f833c7c208e9b0ad11653a') in 0.061941 seconds
  Import took 0.087654 seconds .

========================================================================
Received Import Request.
  Time since last request: 0.000801 seconds.
  path: Assets/Scenes/Menu.unity
  artifactKey: Guid(59b0ceeea7cf96c4297d2d68eae102bf) Importer(815301076,1909f56bfc062723c751e8b465ee728b)
Start importing Assets/Scenes/Menu.unity using Guid(59b0ceeea7cf96c4297d2d68eae102bf) Importer(815301076,1909f56bfc062723c751e8b465ee728b)  -> (artifact id: 'b94d371a7444f3beb1236de76058da12') in 0.052643 seconds
  Import took 0.096849 seconds .

========================================================================
Received Prepare
Registering precompiled user dll's ...
Registered in 0.000761 seconds.
Begin MonoManager ReloadAssembly
Native extension for WindowsStandalone target not found
Refreshing native plugins compatible for Editor in 0.30 ms, found 0 plugins.
Preloading 0 native plugins for Editor in 0.00 ms.
Mono: successfully reloaded assembly
- Completed reload, in  0.961 seconds
Platform modules already initialized, skipping
Refreshing native plugins compatible for Editor in 0.36 ms, found 0 plugins.
Preloading 0 native plugins for Editor in 0.00 ms.
Unloading 1516 Unused Serialized files (Serialized files now loaded: 0)
System memory in use before: 77.5 MB.
System memory in use after: 77.6 MB.

Unloading 5 unused Assets to reduce memory usage. Loaded Objects now: 1986.
Total: 2.072600 ms (FindLiveObjects: 0.182100 ms CreateObjectMapping: 0.063400 ms MarkObjects: 1.759100 ms  DeleteObjects: 0.066700 ms)

========================================================================
Received Prepare
Registering precompiled user dll's ...
Registered in 0.000849 seconds.
Begin MonoManager ReloadAssembly
Native extension for WindowsStandalone target not found
Refreshing native plugins compatible for Editor in 0.65 ms, found 0 plugins.
Preloading 0 native plugins for Editor in 0.00 ms.
Mono: successfully reloaded assembly
- Completed reload, in  0.934 seconds
Platform modules already initialized, skipping
Refreshing native plugins compatible for Editor in 0.36 ms, found 0 plugins.
Preloading 0 native plugins for Editor in 0.00 ms.
Unloading 1516 Unused Serialized files (Serialized files now loaded: 0)
System memory in use before: 77.6 MB.
System memory in use after: 77.6 MB.

Unloading 5 unused Assets to reduce memory usage. Loaded Objects now: 1989.
Total: 8.210600 ms (FindLiveObjects: 0.553200 ms CreateObjectMapping: 0.525000 ms MarkObjects: 7.063000 ms  DeleteObjects: 0.066700 ms)

========================================================================
Received Prepare
Registering precompiled user dll's ...
Registered in 0.000715 seconds.
Begin MonoManager ReloadAssembly
Native extension for WindowsStandalone target not found
Refreshing native plugins compatible for Editor in 0.40 ms, found 0 plugins.
Preloading 0 native plugins for Editor in 0.00 ms.
Mono: successfully reloaded assembly
- Completed reload, in  0.957 seconds
Platform modules already initialized, skipping
Refreshing native plugins compatible for Editor in 0.51 ms, found 0 plugins.
Preloading 0 native plugins for Editor in 0.00 ms.
Unloading 1516 Unused Serialized files (Serialized files now loaded: 0)
System memory in use before: 77.6 MB.
System memory in use after: 77.7 MB.

Unloading 5 unused Assets to reduce memory usage. Loaded Objects now: 1992.
Total: 2.936800 ms (FindLiveObjects: 0.569900 ms CreateObjectMapping: 0.275900 ms MarkObjects: 2.013500 ms  DeleteObjects: 0.075600 ms)

========================================================================
Received Prepare
Registering precompiled user dll's ...
Registered in 0.001641 seconds.
Begin MonoManager ReloadAssembly
Native extension for WindowsStandalone target not found
Refreshing native plugins compatible for Editor in 0.30 ms, found 0 plugins.
Preloading 0 native plugins for Editor in 0.00 ms.
Mono: successfully reloaded assembly
- Completed reload, in  1.044 seconds
Platform modules already initialized, skipping
Refreshing native plugins compatible for Editor in 0.86 ms, found 0 plugins.
Preloading 0 native plugins for Editor in 0.00 ms.
Unloading 1516 Unused Serialized files (Serialized files now loaded: 0)
System memory in use before: 77.6 MB.
System memory in use after: 77.7 MB.

Unloading 5 unused Assets to reduce memory usage. Loaded Objects now: 1995.
Total: 5.525200 ms (FindLiveObjects: 0.280300 ms CreateObjectMapping: 0.123600 ms MarkObjects: 5.002400 ms  DeleteObjects: 0.116400 ms)

========================================================================
Received Import Request.
  Time since last request: 910.413587 seconds.
  path: Assets/Scenes/Game
  artifactKey: Guid(5f64e6a3a20b0f0488e3159b0e4735d9) Importer(815301076,1909f56bfc062723c751e8b465ee728b)
Start importing Assets/Scenes/Game using Guid(5f64e6a3a20b0f0488e3159b0e4735d9) Importer(815301076,1909f56bfc062723c751e8b465ee728b)  -> (artifact id: '024360465644f07ef8a224150a46380f') in 0.130828 seconds
  Import took 0.161973 seconds .

========================================================================
Received Import Request.
  Time since last request: 0.046596 seconds.
  path: Assets/Scenes/Game
  artifactKey: Guid(5f64e6a3a20b0f0488e3159b0e4735d9) Importer(815301076,1909f56bfc062723c751e8b465ee728b)
Start importing Assets/Scenes/Game using Guid(5f64e6a3a20b0f0488e3159b0e4735d9) Importer(815301076,1909f56bfc062723c751e8b465ee728b)  -> (artifact id: '024360465644f07ef8a224150a46380f') in 0.015879 seconds
  Import took 0.039201 seconds .

========================================================================
Received Import Request.
  Time since last request: 0.063091 seconds.
  path: Assets/Scenes/Game/LightingData.asset
  artifactKey: Guid(7310e62cfb5e4744da805b3731d6d621) Importer(815301076,1909f56bfc062723c751e8b465ee728b)
Start importing Assets/Scenes/Game/LightingData.asset using Guid(7310e62cfb5e4744da805b3731d6d621) Importer(815301076,1909f56bfc062723c751e8b465ee728b)  -> (artifact id: '4462b2f11e2a595fd868d08caf7c7cd7') in 0.708013 seconds
  Import took 0.739605 seconds .

========================================================================
Received Import Request.
  Time since last request: 0.000335 seconds.
  path: Assets/Scenes/Game/ReflectionProbe-0.exr
  artifactKey: Guid(6c18cb7eb3aa30d4e9a926c63b6cbf6f) Importer(815301076,1909f56bfc062723c751e8b465ee728b)
Start importing Assets/Scenes/Game/ReflectionProbe-0.exr using Guid(6c18cb7eb3aa30d4e9a926c63b6cbf6f) Importer(815301076,1909f56bfc062723c751e8b465ee728b)  -> (artifact id: '76c2aedd161fc91b6851433defd1cd75') in 0.659085 seconds
  Import took 0.698164 seconds .

========================================================================
Received Import Request.
  Time since last request: 0.025224 seconds.
  path: Assets/Scenes/Game/ReflectionProbe-0.exr
  artifactKey: Guid(6c18cb7eb3aa30d4e9a926c63b6cbf6f) Importer(815301076,1909f56bfc062723c751e8b465ee728b)
Start importing Assets/Scenes/Game/ReflectionProbe-0.exr using Guid(6c18cb7eb3aa30d4e9a926c63b6cbf6f) Importer(815301076,1909f56bfc062723c751e8b465ee728b)  -> (artifact id: '76c2aedd161fc91b6851433defd1cd75') in 0.031457 seconds
  Import took 0.034954 seconds .

========================================================================
Received Prepare
Registering precompiled user dll's ...
Registered in 0.000913 seconds.
Begin MonoManager ReloadAssembly
Native extension for WindowsStandalone target not found
Refreshing native plugins compatible for Editor in 0.31 ms, found 0 plugins.
Preloading 0 native plugins for Editor in 0.00 ms.
Mono: successfully reloaded assembly
- Completed reload, in  0.885 seconds
Platform modules already initialized, skipping
Refreshing native plugins compatible for Editor in 0.42 ms, found 0 plugins.
Preloading 0 native plugins for Editor in 0.00 ms.
Unloading 1516 Unused Serialized files (Serialized files now loaded: 0)
System memory in use before: 80.9 MB.
System memory in use after: 81.0 MB.

Unloading 5 unused Assets to reduce memory usage. Loaded Objects now: 2030.
Total: 2.523700 ms (FindLiveObjects: 0.235500 ms CreateObjectMapping: 0.082800 ms MarkObjects: 2.108300 ms  DeleteObjects: 0.095500 ms)

========================================================================
Received Import Request.
  Time since last request: 344.933836 seconds.
  path: Assets/Scenes/Game.unity
  artifactKey: Guid(56b601f2eb8d4df4eb750a6f88f6e20d) Importer(815301076,1909f56bfc062723c751e8b465ee728b)
Start importing Assets/Scenes/Game.unity using Guid(56b601f2eb8d4df4eb750a6f88f6e20d) Importer(815301076,1909f56bfc062723c751e8b465ee728b)  -> (artifact id: '71cd2c76590049dc8d059353fede5cec') in 0.022708 seconds
  Import took 0.175455 seconds .

========================================================================
Received Prepare
Registering precompiled user dll's ...
Registered in 0.000786 seconds.
Begin MonoManager ReloadAssembly
Native extension for WindowsStandalone target not found
Refreshing native plugins compatible for Editor in 0.37 ms, found 0 plugins.
Preloading 0 native plugins for Editor in 0.00 ms.
Mono: successfully reloaded assembly
- Completed reload, in  0.876 seconds
Platform modules already initialized, skipping
Refreshing native plugins compatible for Editor in 0.37 ms, found 0 plugins.
Preloading 0 native plugins for Editor in 0.00 ms.
Unloading 1516 Unused Serialized files (Serialized files now loaded: 0)
System memory in use before: 81.0 MB.
System memory in use after: 81.0 MB.

Unloading 5 unused Assets to reduce memory usage. Loaded Objects now: 2033.
Total: 2.423400 ms (FindLiveObjects: 0.234800 ms CreateObjectMapping: 0.079500 ms MarkObjects: 2.035800 ms  DeleteObjects: 0.071200 ms)

========================================================================
Received Import Request.
  Time since last request: 12161.670615 seconds.
  path: Assets/Scripts/GameManager.cs
  artifactKey: Guid(21dc32ce9c03211489f045a738af9981) Importer(815301076,1909f56bfc062723c751e8b465ee728b)
Start importing Assets/Scripts/GameManager.cs using Guid(21dc32ce9c03211489f045a738af9981) Importer(815301076,1909f56bfc062723c751e8b465ee728b)  -> (artifact id: 'ea104f9be692a735f2893d13320ca1bd') in 0.565874 seconds
  Import took 0.759353 seconds .

========================================================================
Received Prepare
Registering precompiled user dll's ...
Registered in 0.009070 seconds.
Begin MonoManager ReloadAssembly
Native extension for WindowsStandalone target not found
Refreshing native plugins compatible for Editor in 0.34 ms, found 0 plugins.
Preloading 0 native plugins for Editor in 0.00 ms.
Mono: successfully reloaded assembly
- Completed reload, in  9.710 seconds
Platform modules already initialized, skipping
Refreshing native plugins compatible for Editor in 0.84 ms, found 0 plugins.
Preloading 0 native plugins for Editor in 0.00 ms.
Unloading 1517 Unused Serialized files (Serialized files now loaded: 0)
System memory in use before: 81.0 MB.
System memory in use after: 81.1 MB.

Unloading 5 unused Assets to reduce memory usage. Loaded Objects now: 2037.
Total: 221.582700 ms (FindLiveObjects: 0.237000 ms CreateObjectMapping: 0.102600 ms MarkObjects: 220.969500 ms  DeleteObjects: 0.268700 ms)

========================================================================
Received Prepare
Registering precompiled user dll's ...
Registered in 0.000844 seconds.
Begin MonoManager ReloadAssembly
Native extension for WindowsStandalone target not found
Refreshing native plugins compatible for Editor in 0.32 ms, found 0 plugins.
Preloading 0 native plugins for Editor in 0.00 ms.
Mono: successfully reloaded assembly
- Completed reload, in  1.049 seconds
Platform modules already initialized, skipping
Refreshing native plugins compatible for Editor in 0.34 ms, found 0 plugins.
Preloading 0 native plugins for Editor in 0.00 ms.
Unloading 1517 Unused Serialized files (Serialized files now loaded: 0)
System memory in use before: 81.0 MB.
System memory in use after: 81.1 MB.

Unloading 5 unused Assets to reduce memory usage. Loaded Objects now: 2040.
Total: 2.723700 ms (FindLiveObjects: 0.265100 ms CreateObjectMapping: 0.134200 ms MarkObjects: 2.226200 ms  DeleteObjects: 0.096900 ms)

========================================================================
Received Import Request.
  Time since last request: 5975.086212 seconds.
  path: Assets/Shaders/NewCardShader.shader
  artifactKey: Guid(6510bce4da3e8aa48a19bc37357b5944) Importer(815301076,1909f56bfc062723c751e8b465ee728b)
Start importing Assets/Shaders/NewCardShader.shader using Guid(6510bce4da3e8aa48a19bc37357b5944) Importer(815301076,1909f56bfc062723c751e8b465ee728b)  -> (artifact id: '1b4156c502219bade0b15c4b40965e79') in 2.292575 seconds
  Import took 3.459097 seconds .

========================================================================
Received Prepare
Registering precompiled user dll's ...
Registered in 0.001617 seconds.
Begin MonoManager ReloadAssembly
Native extension for WindowsStandalone target not found
Refreshing native plugins compatible for Editor in 0.33 ms, found 0 plugins.
Preloading 0 native plugins for Editor in 0.00 ms.
Mono: successfully reloaded assembly
- Completed reload, in  3.532 seconds
Platform modules already initialized, skipping
Refreshing native plugins compatible for Editor in 0.58 ms, found 0 plugins.
Preloading 0 native plugins for Editor in 0.00 ms.
Unloading 1517 Unused Serialized files (Serialized files now loaded: 0)
System memory in use before: 81.0 MB.
System memory in use after: 81.1 MB.

Unloading 5 unused Assets to reduce memory usage. Loaded Objects now: 2043.
Total: 16.594000 ms (FindLiveObjects: 0.202500 ms CreateObjectMapping: 0.071000 ms MarkObjects: 2.545300 ms  DeleteObjects: 13.773500 ms)

========================================================================
Received Prepare
Registering precompiled user dll's ...
Registered in 0.000934 seconds.
Begin MonoManager ReloadAssembly
Native extension for WindowsStandalone target not found
Refreshing native plugins compatible for Editor in 0.40 ms, found 0 plugins.
Preloading 0 native plugins for Editor in 0.00 ms.
Mono: successfully reloaded assembly
- Completed reload, in  2.343 seconds
Platform modules already initialized, skipping
Refreshing native plugins compatible for Editor in 0.56 ms, found 0 plugins.
Preloading 0 native plugins for Editor in 0.00 ms.
Unloading 1518 Unused Serialized files (Serialized files now loaded: 0)
System memory in use before: 81.0 MB.
System memory in use after: 81.1 MB.

Unloading 5 unused Assets to reduce memory usage. Loaded Objects now: 2047.
Total: 18.076000 ms (FindLiveObjects: 0.267400 ms CreateObjectMapping: 0.117800 ms MarkObjects: 3.576100 ms  DeleteObjects: 14.112600 ms)

========================================================================
Received Prepare
Registering precompiled user dll's ...
Registered in 0.031451 seconds.
Begin MonoManager ReloadAssembly
Native extension for WindowsStandalone target not found
Refreshing native plugins compatible for Editor in 0.92 ms, found 0 plugins.
Preloading 0 native plugins for Editor in 0.00 ms.
Mono: successfully reloaded assembly
- Completed reload, in  8.514 seconds
Platform modules already initialized, skipping
Refreshing native plugins compatible for Editor in 0.60 ms, found 0 plugins.
Preloading 0 native plugins for Editor in 0.00 ms.
Unloading 1518 Unused Serialized files (Serialized files now loaded: 0)
System memory in use before: 81.0 MB.
System memory in use after: 81.1 MB.

Unloading 5 unused Assets to reduce memory usage. Loaded Objects now: 2050.
Total: 3.804900 ms (FindLiveObjects: 0.349700 ms CreateObjectMapping: 0.145200 ms MarkObjects: 3.215500 ms  DeleteObjects: 0.092100 ms)

========================================================================
Received Prepare
Registering precompiled user dll's ...
Registered in 0.000917 seconds.
Begin MonoManager ReloadAssembly
Native extension for WindowsStandalone target not found
Refreshing native plugins compatible for Editor in 0.46 ms, found 0 plugins.
Preloading 0 native plugins for Editor in 0.00 ms.
Mono: successfully reloaded assembly
- Completed reload, in  4.416 seconds
Platform modules already initialized, skipping
Refreshing native plugins compatible for Editor in 0.36 ms, found 0 plugins.
Preloading 0 native plugins for Editor in 0.00 ms.
Unloading 1518 Unused Serialized files (Serialized files now loaded: 0)
System memory in use before: 81.1 MB.
System memory in use after: 81.1 MB.

Unloading 6 unused Assets to reduce memory usage. Loaded Objects now: 2053.
Total: 2.662500 ms (FindLiveObjects: 0.212600 ms CreateObjectMapping: 0.058800 ms MarkObjects: 2.289400 ms  DeleteObjects: 0.100100 ms)

========================================================================
Received Prepare
Registering precompiled user dll's ...
Registered in 0.000865 seconds.
Begin MonoManager ReloadAssembly
Native extension for WindowsStandalone target not found
Refreshing native plugins compatible for Editor in 0.35 ms, found 0 plugins.
Preloading 0 native plugins for Editor in 0.00 ms.
Mono: successfully reloaded assembly
- Completed reload, in  2.142 seconds
Platform modules already initialized, skipping
Refreshing native plugins compatible for Editor in 0.87 ms, found 0 plugins.
Preloading 0 native plugins for Editor in 0.00 ms.
Unloading 1519 Unused Serialized files (Serialized files now loaded: 0)
System memory in use before: 81.1 MB.
System memory in use after: 81.2 MB.

Unloading 5 unused Assets to reduce memory usage. Loaded Objects now: 2057.
Total: 3.771100 ms (FindLiveObjects: 0.293100 ms CreateObjectMapping: 0.116800 ms MarkObjects: 3.202000 ms  DeleteObjects: 0.155800 ms)

AssetImportWorkerClient::OnTransportError - code=2 error=End of file
